<?xml version="1.0" encoding="UTF-8"?>
<!-- Generated by org.testng.reporters.JUnitXMLReporter -->
<testsuite hostname="5CG5043BD4" name="Test(failed)(failed)(failed)" tests="1" failures="1" timestamp="3 Dec 2017 08:16:38 GMT" time="26.456" errors="0">
  <testcase name="editLead" time="26.406" classname="testcases.EditLead">
    <failure type="java.lang.RuntimeException">
      <![CDATA[java.lang.RuntimeException
	at wdMethods.SeMethods.locateElement(SeMethods.java:75)
	at testcases.EditLead.editLead(EditLead.java:26)
... Removed 24 stack frames]]>
    </failure>
  </testcase> <!-- editLead -->
</testsuite> <!-- Test(failed)(failed)(failed) -->
