<?xml version="1.0" encoding="UTF-8"?>
<!-- Generated by org.testng.reporters.JUnitXMLReporter -->
<testsuite hostname="5CG5043BD4" name="Test(failed)(failed)" tests="1" failures="1" timestamp="3 Dec 2017 08:15:13 GMT" time="20.088" errors="0">
  <testcase name="editLead" time="20.048" classname="testcases.EditLead">
    <failure type="java.lang.RuntimeException">
      <![CDATA[java.lang.RuntimeException
	at wdMethods.SeMethods.type(SeMethods.java:98)
	at testcases.EditLead.editLead(EditLead.java:22)
... Removed 24 stack frames]]>
    </failure>
  </testcase> <!-- editLead -->
</testsuite> <!-- Test(failed)(failed) -->
