<?xml version="1.0" encoding="UTF-8"?>
<!-- Generated by org.testng.reporters.JUnitXMLReporter -->
<testsuite hostname="5CG5043BD4" name="Test(failed)" tests="1" failures="1" timestamp="3 Dec 2017 08:12:37 GMT" time="29.784" errors="0">
  <testcase name="editLead" time="29.745" classname="testcases.EditLead">
    <failure type="java.lang.RuntimeException">
      <![CDATA[java.lang.RuntimeException
	at wdMethods.SeMethods.locateElement(SeMethods.java:75)
	at testcases.EditLead.editLead(EditLead.java:25)
... Removed 24 stack frames]]>
    </failure>
  </testcase> <!-- editLead -->
</testsuite> <!-- Test(failed) -->
